TN:
SF:controller\orders.js
FN:4,(anonymous_0)
FN:25,(anonymous_1)
FN:35,(anonymous_2)
FN:44,(anonymous_3)
FN:61,(anonymous_4)
FNF:5
FNH:3
FNDA:0,(anonymous_0)
FNDA:12,(anonymous_1)
FNDA:0,(anonymous_2)
FNDA:3,(anonymous_3)
FNDA:4,(anonymous_4)
DA:1,1
DA:3,1
DA:5,0
DA:6,0
DA:8,0
DA:9,0
DA:10,0
DA:11,0
DA:18,0
DA:21,0
DA:26,12
DA:27,12
DA:29,11
DA:32,1
DA:36,0
DA:37,0
DA:38,0
DA:40,0
DA:45,3
DA:46,3
DA:49,3
DA:50,2
DA:51,2
DA:53,1
DA:55,1
DA:58,1
DA:62,4
DA:63,4
DA:66,4
DA:67,3
DA:68,2
DA:70,2
DA:72,1
DA:75,1
LF:34
LH:22
BRDA:13,0,0,0
BRDA:13,0,1,0
BRDA:14,1,0,0
BRDA:14,1,1,0
BRDA:49,2,0,2
BRDA:49,2,1,1
BRDA:66,3,0,3
BRDA:66,3,1,1
BRDA:70,4,0,1
BRDA:70,4,1,1
BRF:10
BRH:6
end_of_record
TN:
SF:controller\products.js
FN:4,(anonymous_0)
FN:25,(anonymous_1)
FN:37,(anonymous_2)
FN:46,(anonymous_3)
FN:64,(anonymous_4)
FNF:5
FNH:3
FNDA:0,(anonymous_0)
FNDA:12,(anonymous_1)
FNDA:0,(anonymous_2)
FNDA:3,(anonymous_3)
FNDA:4,(anonymous_4)
DA:1,1
DA:3,1
DA:5,0
DA:6,0
DA:8,0
DA:9,0
DA:10,0
DA:11,0
DA:18,0
DA:21,0
DA:26,12
DA:27,12
DA:29,11
DA:33,1
DA:38,0
DA:39,0
DA:42,0
DA:47,3
DA:50,3
DA:51,3
DA:53,2
DA:55,1
DA:57,1
DA:60,1
DA:65,4
DA:66,4
DA:69,4
DA:70,3
DA:71,2
DA:72,2
DA:73,2
DA:75,1
DA:78,1
LF:33
LH:22
BRDA:13,0,0,0
BRDA:13,0,1,0
BRDA:14,1,0,0
BRDA:14,1,1,0
BRDA:51,2,0,2
BRDA:51,2,1,1
BRDA:69,3,0,3
BRDA:69,3,1,1
BRDA:73,4,0,1
BRDA:73,4,1,1
BRF:10
BRH:6
end_of_record
TN:
SF:controller\users.js
FN:7,(anonymous_0)
FN:19,(anonymous_1)
FN:24,(anonymous_2)
FN:50,(anonymous_3)
FN:68,(anonymous_4)
FN:86,(anonymous_5)
FN:96,(anonymous_6)
FN:125,(anonymous_7)
FNF:8
FNH:5
FNDA:2,(anonymous_0)
FNDA:0,(anonymous_1)
FNDA:0,(anonymous_2)
FNDA:15,(anonymous_3)
FNDA:5,(anonymous_4)
FNDA:0,(anonymous_5)
FNDA:4,(anonymous_6)
FNDA:5,(anonymous_7)
DA:1,1
DA:6,1
DA:8,2
DA:9,2
DA:11,1
DA:14,1
DA:20,0
DA:21,0
DA:22,0
DA:24,0
DA:25,0
DA:32,0
DA:33,0
DA:34,0
DA:36,0
DA:43,0
DA:45,0
DA:46,0
DA:51,15
DA:52,15
DA:54,14
DA:55,9
DA:61,5
DA:64,1
DA:69,5
DA:70,5
DA:72,4
DA:73,3
DA:79,1
DA:82,1
DA:87,0
DA:88,0
DA:89,0
DA:90,0
DA:92,0
DA:98,4
DA:99,4
DA:100,4
DA:101,3
DA:102,3
DA:103,3
DA:113,2
DA:115,2
DA:117,1
DA:121,1
DA:126,5
DA:127,5
DA:128,5
DA:129,1
DA:131,4
DA:133,4
DA:136,3
DA:138,3
DA:143,1
LF:54
LH:37
BRDA:38,0,0,0
BRDA:38,0,1,0
BRDA:39,1,0,0
BRDA:39,1,1,0
BRDA:54,2,0,9
BRDA:54,2,1,5
BRDA:72,3,0,3
BRDA:72,3,1,1
BRDA:99,4,0,1
BRDA:99,4,1,3
BRDA:100,5,0,3
BRDA:100,5,1,1
BRDA:127,6,0,1
BRDA:127,6,1,4
BRDA:128,7,0,1
BRDA:128,7,1,4
BRDA:138,8,0,2
BRDA:138,8,1,1
BRF:18
BRH:14
end_of_record
